1532015488672	geckodriver	INFO	geckodriver 0.21.0
1532015488783	geckodriver	INFO	Listening on 127.0.0.1:55357
1532015988433	geckodriver	INFO	geckodriver 0.21.0
1532015988433	geckodriver	INFO	Listening on 127.0.0.1:55464
1532016470047	geckodriver	INFO	geckodriver 0.21.0 (c7d3022be6420de1ca4076d932aa32b299f3ea10 2018-06-14)
1532016470187	geckodriver	INFO	Listening on 127.0.0.1:55575
1532016477816	geckodriver	INFO	geckodriver 0.21.0 (c7d3022be6420de1ca4076d932aa32b299f3ea10 2018-06-14)
1532016477825	geckodriver	INFO	Listening on 127.0.0.1:55580
1532016602806	geckodriver	INFO	geckodriver 0.21.0
1532016602825	geckodriver	INFO	Listening on 127.0.0.1:55597
1532024043003	geckodriver	INFO	geckodriver 0.21.0
1532024043080	geckodriver	INFO	Listening on 127.0.0.1:56467
1532024043644	mozrunner::runner	INFO	Running command: "C:\\Program Files\\Mozilla Firefox\\firefox.exe" "-marionette" "-foreground" "-no-remote" "-profile" "C:\\Users\\UHIPUser\\AppData\\Local\\Temp\\rust_mozprofile.ETMYegQsA8Jw"
console.error: "Could not write session state file " (new Error("_initWorker called too early! Please read the session file from disk first.", "resource:///modules/sessionstore/SessionFile.jsm", 335)) "_initWorker/<@resource:///modules/sessionstore/SessionFile.jsm:335:15\n_initWorker@resource:///modules/sessionstore/SessionFile.jsm:328:12\n_postToWorker@resource:///modules/sessionstore/SessionFile.jsm:352:11\nwrite@resource:///modules/sessionstore/SessionFile.jsm:392:19\nwrite@resource:///modules/sessionstore/SessionFile.jsm:64:12\n_writeState@resource:///modules/sessionstore/SessionSaver.jsm:357:12\n_saveState@resource:///modules/sessionstore/SessionSaver.jsm:295:12\n_saveStateAsync@resource:///modules/sessionstore/SessionSaver.jsm:341:5\nsaveStateAsyncWhenIdle@resource:///modules/sessionstore/SessionSaver.jsm:192:9\n"
1532024052515	Marionette	INFO	Listening on port 56472
1532024052980	Marionette	WARN	TLS certificate errors will be ignored for this session
Unable to read VR Path Registry from C:\Users\UHIPUser\AppData\Local\openvr\openvrpaths.vrpath
[Child 7436, Chrome_ChildThread] WARNING: pipe error: 109: file z:/build/build/src/ipc/chromium/src/chrome/common/ipc_channel_win.cc, line 346
Unable to read VR Path Registry from C:\Users\UHIPUser\AppData\Local\openvr\openvrpaths.vrpath
[Parent 10016, Gecko_IOThread] WARNING: file z:/build/build/src/ipc/chromium/src/base/process_util_win.cc, line 188
Unable to read VR Path Registry from C:\Users\UHIPUser\AppData\Local\openvr\openvrpaths.vrpath
[Child 6316, Chrome_ChildThread] WARNING: pipe error: 109: file z:/build/build/src/ipc/chromium/src/chrome/common/ipc_channel_win.cc, line 346
[Child 6316, Chrome_ChildThread] WARNING: pipe error: 109: file z:/build/build/src/ipc/chromium/src/chrome/common/ipc_channel_win.cc, line 346
Unable to read VR Path Registry from C:\Users\UHIPUser\AppData\Local\openvr\openvrpaths.vrpath
[Child 1488, Chrome_ChildThread] WARNING: pipe error: 109: file z:/build/build/src/ipc/chromium/src/chrome/common/ipc_channel_win.cc, line 346
*** UTM:SVC TimerManager:registerTimer called after profile-before-change notification. Ignoring timer registration for id: telemetry_modules_ping
Unable to read VR Path Registry from C:\Users\UHIPUser\AppData\Local\openvr\openvrpaths.vrpath
[GPU 8620, Chrome_ChildThread] WARNING: pipe error: 109: file z:/build/build/src/ipc/chromium/src/chrome/common/ipc_channel_win.cc, line 346
1532031960512	geckodriver	INFO	geckodriver 0.21.0
1532031960744	geckodriver	INFO	Listening on 127.0.0.1:58652
1532031961776	mozrunner::runner	INFO	Running command: "C:\\Program Files\\Mozilla Firefox\\firefox.exe" "-marionette" "-foreground" "-no-remote" "-profile" "C:\\Users\\UHIPUser\\AppData\\Local\\Temp\\rust_mozprofile.KG04mNAogsxi"
1532031975343	Marionette	INFO	Listening on port 58657
1532031976315	Marionette	WARN	TLS certificate errors will be ignored for this session
Unable to read VR Path Registry from C:\Users\UHIPUser\AppData\Local\openvr\openvrpaths.vrpath
[Child 6632, Chrome_ChildThread] WARNING: pipe error: 109: file z:/build/build/src/ipc/chromium/src/chrome/common/ipc_channel_win.cc, line 346
Unable to read VR Path Registry from C:\Users\UHIPUser\AppData\Local\openvr\openvrpaths.vrpath
[Child 9084, Chrome_ChildThread] WARNING: pipe error: 109: file z:/build/build/src/ipc/chromium/src/chrome/common/ipc_channel_win.cc, line 346
[Child 9084, Chrome_ChildThread] WARNING: pipe error: 109: file z:/build/build/src/ipc/chromium/src/chrome/common/ipc_channel_win.cc, line 346
Unable to read VR Path Registry from C:\Users\UHIPUser\AppData\Local\openvr\openvrpaths.vrpath
[Child 6896, Chrome_ChildThread] WARNING: pipe error: 109: file z:/build/build/src/ipc/chromium/src/chrome/common/ipc_channel_win.cc, line 346
[Child 6896, Chrome_ChildThread] WARNING: pipe error: 109: file z:/build/build/src/ipc/chromium/src/chrome/common/ipc_channel_win.cc, line 346
Unable to read VR Path Registry from C:\Users\UHIPUser\AppData\Local\openvr\openvrpaths.vrpath
[GPU 5944, Chrome_ChildThread] WARNING: pipe error: 109: file z:/build/build/src/ipc/chromium/src/chrome/common/ipc_channel_win.cc, line 346
Unable to read VR Path Registry from C:\Users\UHIPUser\AppData\Local\openvr\openvrpaths.vrpath

<<<<<<< HEAD
1532126510262	geckodriver	INFO	geckodriver 0.21.0
1532126510277	geckodriver	INFO	Listening on 127.0.0.1:58395
1532126511278	mozrunner::runner	INFO	Running command: "/Applications/Firefox.app/Contents/MacOS/firefox-bin" "-marionette" "-foreground" "-no-remote" "-profile" "/var/folders/d3/tv3z10w545530x8rw61vg6t40000gn/T/rust_mozprofile.AsiYNfvu9LZR"
2018-07-20 18:41:53.532 plugin-container[5040:589384] *** CFMessagePort: bootstrap_register(): failed 1100 (0x44c) 'Permission denied', port = 0x8a43, name = 'com.apple.tsm.portname'
See /usr/include/servers/bootstrap_defs.h for the error codes.
2018-07-20 18:41:53.953 plugin-container[5041:589413] *** CFMessagePort: bootstrap_register(): failed 1100 (0x44c) 'Permission denied', port = 0x7443, name = 'com.apple.tsm.portname'
See /usr/include/servers/bootstrap_defs.h for the error codes.
1532126514512	Marionette	INFO	Listening on port 58406
1532126514529	Marionette	WARN	TLS certificate errors will be ignored for this session
2018-07-20 18:41:54.790 plugin-container[5042:589520] *** CFMessagePort: bootstrap_register(): failed 1100 (0x44c) 'Permission denied', port = 0x8b43, name = 'com.apple.tsm.portname'
See /usr/include/servers/bootstrap_defs.h for the error codes.
*** UTM:SVC TimerManager:registerTimer called after profile-before-change notification. Ignoring timer registration for id: telemetry_modules_ping
=======
1532351314070	geckodriver	INFO	geckodriver 0.21.0
1532351314090	geckodriver	INFO	Listening on 127.0.0.1:59152
1532351314282	mozrunner::runner	INFO	Running command: "C:\\Program Files\\Mozilla Firefox\\firefox.exe" "-marionette" "-foreground" "-no-remote" "-profile" "C:\\Users\\UHIPUser\\AppData\\Local\\Temp\\rust_mozprofile.eEM0tbLyvL8X"
Unable to read VR Path Registry from C:\Users\UHIPUser\AppData\Local\openvr\openvrpaths.vrpath
[Parent 1584, Gecko_IOThread] WARNING: pipe error: 109: file z:/build/build/src/ipc/chromium/src/chrome/common/ipc_channel_win.cc, line 346
Unable to read VR Path Registry from C:\Users\UHIPUser\AppData\Local\openvr\openvrpaths.vrpath
[Child 11040, Chrome_ChildThread] WARNING: pipe error: 109: file z:/build/build/src/ipc/chromium/src/chrome/common/ipc_channel_win.cc, line 346
[Child 11040, Chrome_ChildThread] WARNING: pipe error: 109: file z:/build/build/src/ipc/chromium/src/chrome/common/ipc_channel_win.cc, line 346
[Parent 1584, Gecko_IOThread] WARNING: file z:/build/build/src/ipc/chromium/src/base/process_util_win.cc, line 188
1532351338246	Marionette	INFO	Listening on port 59157
1532351339175	Marionette	WARN	TLS certificate errors will be ignored for this session
Unable to read VR Path Registry from C:\Users\UHIPUser\AppData\Local\openvr\openvrpaths.vrpath
[Child 2588, Chrome_ChildThread] WARNING: pipe error: 109: file z:/build/build/src/ipc/chromium/src/chrome/common/ipc_channel_win.cc, line 346
[Child 2588, Chrome_ChildThread] WARNING: pipe error: 109: file z:/build/build/src/ipc/chromium/src/chrome/common/ipc_channel_win.cc, line 346
[Parent 1584, Gecko_IOThread] WARNING: file z:/build/build/src/ipc/chromium/src/base/process_util_win.cc, line 188
[Parent 1584, Gecko_IOThread] WARNING: pipe error: 109: file z:/build/build/src/ipc/chromium/src/chrome/common/ipc_channel_win.cc, line 346
Unable to read VR Path Registry from C:\Users\UHIPUser\AppData\Local\openvr\openvrpaths.vrpath
[Child 11120, Chrome_ChildThread] WARNING: pipe error: 109: file z:/build/build/src/ipc/chromium/src/chrome/common/ipc_channel_win.cc, line 346
[Child 11120, Chrome_ChildThread] WARNING: pipe error: 109: file z:/build/build/src/ipc/chromium/src/chrome/common/ipc_channel_win.cc, line 346
Unable to read VR Path Registry from C:\Users\UHIPUser\AppData\Local\openvr\openvrpaths.vrpath
[Child 10884, Chrome_ChildThread] WARNING: pipe error: 109: file z:/build/build/src/ipc/chromium/src/chrome/common/ipc_channel_win.cc, line 346
[Child 10884, Chrome_ChildThread] WARNING: pipe error: 109: file z:/build/build/src/ipc/chromium/src/chrome/common/ipc_channel_win.cc, line 346
*** UTM:SVC TimerManager:registerTimer called after profile-before-change notification. Ignoring timer registration for id: telemetry_modules_ping
Unable to read VR Path Registry from C:\Users\UHIPUser\AppData\Local\openvr\openvrpaths.vrpath
[GPU 10444, Chrome_ChildThread] WARNING: pipe error: 109: file z:/build/build/src/ipc/chromium/src/chrome/common/ipc_channel_win.cc, line 346
1532351586050	geckodriver	INFO	geckodriver 0.21.0
1532351586070	geckodriver	INFO	Listening on 127.0.0.1:59219
1532351586458	mozrunner::runner	INFO	Running command: "C:\\Program Files\\Mozilla Firefox\\firefox.exe" "-marionette" "-foreground" "-no-remote" "-profile" "C:\\Users\\UHIPUser\\AppData\\Local\\Temp\\rust_mozprofile.3xqJObLVqcQR"
[GFX1-]: Failed to connect GPU process
[GFX1-]: [D3D11] failed to get compositor device.
[GFX1-]: [D3D11] Failed to init compositor with reason: FEATURE_FAILURE_D3D11_NO_DEVICE
[GFX1-]: [D3D11] failed to get compositor device.
[GFX1-]: [D3D11] Failed to init compositor with reason: FEATURE_FAILURE_D3D11_NO_DEVICE
[GFX1-]: Could not get a DXGI adapter
1532351606676	Marionette	INFO	Listening on port 59224
Unable to read VR Path Registry from C:\Users\UHIPUser\AppData\Local\openvr\openvrpaths.vrpath
[Child 9076, Chrome_ChildThread] WARNING: pipe error: 109: file z:/build/build/src/ipc/chromium/src/chrome/common/ipc_channel_win.cc, line 346
[Child 9076, Chrome_ChildThread] WARNING: pipe error: 109: file z:/build/build/src/ipc/chromium/src/chrome/common/ipc_channel_win.cc, line 346
1532351606865	Marionette	WARN	TLS certificate errors will be ignored for this session
[GFX[GFX1-]: Coul1-]: Could not get a DXGI adapterd not get a DXGI adapter

[GFX1-]: Could not get a DXGI adapter
Unable to read VR Path Registry from C:\Users\UHIPUser\AppData\Local\openvr\openvrpaths.vrpath
[Child 11128, Chrome_ChildThread] WARNING: pipe error: 109: file z:/build/build/src/ipc/chromium/src/chrome/common/ipc_channel_win.cc, line 346
[Child 11128, Chrome_ChildThread] WARNING: pipe error: 109: file z:/build/build/src/ipc/chromium/src/chrome/common/ipc_channel_win.cc, line 346
Unable to read VR Path Registry from C:\Users\UHIPUser\AppData\Local\openvr\openvrpaths.vrpath
[Child 3764, Chrome_ChildThread] WARNING: pipe error: 109: file z:/build/build/src/ipc/chromium/src/chrome/common/ipc_channel_win.cc, line 346
[Child 3764, Chrome_ChildThread] WARNING: pipe error: 109: file z:/build/build/src/ipc/chromium/src/chrome/common/ipc_channel_win.cc, line 346
Unable to read VR Path Registry from C:\Users\UHIPUser\AppData\Local\openvr\openvrpaths.vrpath
[Child 9688, Chrome_ChildThread] WARNING: pipe error: 109: file z:/build/build/src/ipc/chromium/src/chrome/common/ipc_channel_win.cc, line 346
*** UTM:SVC TimerManager:registerTimer called after profile-before-change notification. Ignoring timer registration for id: telemetry_modules_ping
Unable to read VR Path Registry from C:\Users\UHIPUser\AppData\Local\openvr\openvrpaths.vrpath
1532351741248	geckodriver	INFO	geckodriver 0.21.0
1532351741258	geckodriver	INFO	Listening on 127.0.0.1:59278
1532351741780	mozrunner::runner	INFO	Running command: "C:\\Program Files\\Mozilla Firefox\\firefox.exe" "-marionette" "-foreground" "-no-remote" "-profile" "C:\\Users\\UHIPUser\\AppData\\Local\\Temp\\rust_mozprofile.7FSkdW04aX1M"
1532351746660	Marionette	INFO	Listening on port 59283
1532351746711	Marionette	WARN	TLS certificate errors will be ignored for this session
Unable to read VR Path Registry from C:\Users\UHIPUser\AppData\Local\openvr\openvrpaths.vrpath
[Parent 8428, Gecko_IOThread] WARNING: pipe error: 109: file z:/build/build/src/ipc/chromium/src/chrome/common/ipc_channel_win.cc, line 346
Unable to read VR Path Registry from C:\Users\UHIPUser\AppData\Local\openvr\openvrpaths.vrpath
[Child 3512, Chrome_ChildThread] WARNING: pipe error: 109: file z:/build/build/src/ipc/chromium/src/chrome/common/ipc_channel_win.cc, line 346
Unable to read VR Path Registry from C:\Users\UHIPUser\AppData\Local\openvr\openvrpaths.vrpath
[Child 5176, Chrome_ChildThread] WARNING: pipe error: 109: file z:/build/build/src/ipc/chromium/src/chrome/common/ipc_channel_win.cc, line 346
[Child 5176, Chrome_ChildThread] WARNING: pipe error: 109: file z:/build/build/src/ipc/chromium/src/chrome/common/ipc_channel_win.cc, line 346
[Parent 8428, Gecko_IOThread] WARNING: pipe error: 109: file z:/build/build/src/ipc/chromium/src/chrome/common/ipc_channel_win.cc, line 346
Unable to read VR Path Registry from C:\Users\UHIPUser\AppData\Local\openvr\openvrpaths.vrpath
[Child 11032, Chrome_ChildThread] WARNING: pipe error: 109: file z:/build/build/src/ipc/chromium/src/chrome/common/ipc_channel_win.cc, line 346
[Child 11032, Chrome_ChildThread] WARNING: pipe error: 109: file z:/build/build/src/ipc/chromium/src/chrome/common/ipc_channel_win.cc, line 346
*** UTM:SVC TimerManager:registerTimer called after profile-before-change notification. Ignoring timer registration for id: telemetry_modules_ping
Unable to read VR Path Registry from C:\Users\UHIPUser\AppData\Local\openvr\openvrpaths.vrpath
[GPU 3188, Chrome_ChildThread] WARNING: pipe error: 109: file z:/build/build/src/ipc/chromium/src/chrome/common/ipc_channel_win.cc, line 346
1532363679006	geckodriver	INFO	geckodriver 0.21.0
1532363679014	geckodriver	INFO	Listening on 127.0.0.1:62571
1532363679278	mozrunner::runner	INFO	Running command: "C:\\Program Files\\Mozilla Firefox\\firefox.exe" "-marionette" "-foreground" "-no-remote" "-profile" "C:\\Users\\UHIPUser\\AppData\\Local\\Temp\\rust_mozprofile.8rSSRkcIKKWk"
Unable to read VR Path Registry from C:\Users\UHIPUser\AppData\Local\openvr\openvrpaths.vrpath
JavaScript error: jar:file:///C:/Program%20Files/Mozilla%20Firefox/omni.ja!/components/nsAsyncShutdown.js, line 114: Error: We have already registered a distinct blocker with the same name: Crash Reporter: blocking on minidumpgeneration.
JavaScript error: resource:///modules/SavantShieldStudy.jsm, line 171: TypeError: this.addonListener is undefined

###!!! [Parent][MessageChannel] Error: (msgtype=0x2D0107,name=PContent::Msg_AsyncMessage) Channel error: cannot send/recv


###!!! [Parent][MessageChannel] Error: (msgtype=0x2D0107,name=PContent::Msg_AsyncMessage) Channel error: cannot send/recv

A content process crashed and MOZ_CRASHREPORTER_SHUTDOWN is set, shutting down
Unable to read VR Path Registry from C:\Users\UHIPUser\AppData\Local\openvr\openvrpaths.vrpath
[Child 12108, Chrome_ChildThread] WARNING: pipe error: 109: file z:/build/build/src/ipc/chromium/src/chrome/common/ipc_channel_win.cc, line 346
[Child 12108, Chrome_ChildThread] WARNING: pipe error: 109: file z:/build/build/src/ipc/chromium/src/chrome/common/ipc_channel_win.cc, line 346

###!!! [Parent][RunMessage] Error: Channel error: cannot send/recv


###!!! [Parent][RunMessage] Error: Channel error: cannot send/recv


###!!! [Parent][RunMessage] Error: Channel error: cannot send/recv


###!!! [Parent][RunMessage] Error: Channel error: cannot send/recv


###!!! [Parent][RunMessage] Error: Channel error: cannot send/recv


###!!! [Parent][RunMessage] Error: Channel error: cannot send/recv


###!!! [Parent][RunMessage] Error: Channel error: cannot send/recv


###!!! [Parent][RunMessage] Error: Channel error: cannot send/recv


###!!! [Parent][RunMessage] Error: Channel error: cannot send/recv


###!!! [Parent][RunMessage] Error: Channel error: cannot send/recv


###!!! [Parent][RunMessage] Error: Channel error: cannot send/recv

A content process crashed and MOZ_CRASHREPORTER_SHUTDOWN is set, shutting down
[Parent 7520, Gecko_IOThread] WARNING: file z:/build/build/src/ipc/chromium/src/base/process_util_win.cc, line 188
Unable to read VR Path Registry from C:\Users\UHIPUser\AppData\Local\openvr\openvrpaths.vrpath
[Child 7972, Chrome_ChildThread] WARNING: pipe error: 109: file z:/build/build/src/ipc/chromium/src/chrome/common/ipc_channel_win.cc, line 346
[Child 7972, Chrome_ChildThread] WARNING: pipe error: 109: file z:/build/build/src/ipc/chromium/src/chrome/common/ipc_channel_win.cc, line 346
Unable to read VR Path Registry from C:\Users\UHIPUser\AppData\Local\openvr\openvrpaths.vrpath
[GPU 11972, Chrome_ChildThread] WARNING: pipe error: 109: file z:/build/build/src/ipc/chromium/src/chrome/common/ipc_channel_win.cc, line 346
1532363822734	geckodriver	INFO	geckodriver 0.21.0
1532363822741	geckodriver	INFO	Listening on 127.0.0.1:62654
1532363823147	mozrunner::runner	INFO	Running command: "C:\\Program Files\\Mozilla Firefox\\firefox.exe" "-marionette" "-foreground" "-no-remote" "-profile" "C:\\Users\\UHIPUser\\AppData\\Local\\Temp\\rust_mozprofile.QuZoiZUtZvkn"
1532363828472	Marionette	INFO	Listening on port 62659
1532363828914	Marionette	WARN	TLS certificate errors will be ignored for this session
Unable to read VR Path Registry from C:\Users\UHIPUser\AppData\Local\openvr\openvrpaths.vrpath
[Child 11032, Chrome_ChildThread] WARNING: pipe error: 109: file z:/build/build/src/ipc/chromium/src/chrome/common/ipc_channel_win.cc, line 346
Unable to read VR Path Registry from C:\Users\UHIPUser\AppData\Local\openvr\openvrpaths.vrpath
[Child 11096, Chrome_ChildThread] WARNING: pipe error: 109: file z:/build/build/src/ipc/chromium/src/chrome/common/ipc_channel_win.cc, line 346
Unable to read VR Path Registry from C:\Users\UHIPUser\AppData\Local\openvr\openvrpaths.vrpath
[Child 11664, Chrome_ChildThread] WARNING: pipe error: 109: file z:/build/build/src/ipc/chromium/src/chrome/common/ipc_channel_win.cc, line 346
[Child 11664, Chrome_ChildThread] WARNING: pipe error: 109: file z:/build/build/src/ipc/chromium/src/chrome/common/ipc_channel_win.cc, line 346
Unable to read VR Path Registry from C:\Users\UHIPUser\AppData\Local\openvr\openvrpaths.vrpath
[GPU 9984, Chrome_ChildThread] WARNING: pipe error: 109: file z:/build/build/src/ipc/chromium/src/chrome/common/ipc_channel_win.cc, line 346
Unable to read VR Path Registry from C:\Users\UHIPUser\AppData\Local\openvr\openvrpaths.vrpath
 9792, Chrome_ChildThread] WARNING: pipe error: 109: file z:/build/build/src/ipc/chromium/src/chrome/common/ipc_channel_win.cc, line 346
Unable to read VR Path Registry from C:\Users\UHIPUser\AppData\Local\openvr\openvrpaths.vrpath
[Child 6864, Chrome_ChildThread] WARNING: pipe error: 109: file z:/build/build/src/ipc/chromium/src/chrome/common/ipc_channel_win.cc, line 346
[Child 6864, Chrome_ChildThread] WARNING: pipe error: 109: file z:/build/build/src/ipc/chromium/src/chrome/common/ipc_channel_win.cc, line 346
Unable to read VR Path Registry from C:\Users\UHIPUser\AppData\Local\openvr\openvrpaths.vrpath
[Child 12380, Chrome_ChildThread] WARNING: pipe error: 109: file z:/build/build/src/ipc/chromium/src/chrome/common/ipc_channel_win.cc, line 346
[Child 12380, Chrome_ChildThread] WARNING: pipe error: 109: file z:/build/build/src/ipc/chromium/src/chrome/common/ipc_channel_win.cc, line 346
*** UTM:SVC TimerManager:registerTimer called after profile-before-change notification. Ignoring timer registration for id: telemetry_modules_ping
Unable to read VR Path Registry from C:\Users\UHIPUser\AppData\Local\openvr\openvrpaths.vrpath
[GPU 11468, Chrome_ChildThread] WARNING: pipe error: 109: file z:/build/build/src/ipc/chromium/src/chrome/common/ipc_channel_win.cc, line 346
1532364069216	geckodriver	INFO	geckodriver 0.21.0
1532364069223	geckodriver	INFO	Listening on 127.0.0.1:62757
1532364069630	mozrunner::runner	INFO	Running command: "C:\\Program Files\\Mozilla Firefox\\firefox.exe" "-marionette" "-foreground" "-no-remote" "-profile" "C:\\Users\\UHIPUser\\AppData\\Local\\Temp\\rust_mozprofile.NKxYJv8N0czb"
1532364074402	Marionette	INFO	Listening on port 62762
1532364074661	Marionette	WARN	TLS certificate errors will be ignored for this session
Unable to read VR Path Registry from C:\Users\UHIPUser\AppData\Local\openvr\openvrpaths.vrpath
[Parent 12320, Gecko_IOThread] WARNING: pipe error: 109: file z:/build/build/src/ipc/chromium/src/chrome/common/ipc_channel_win.cc, line 346
Unable to read VR Path Registry from C:\Users\UHIPUser\AppData\Local\openvr\openvrpaths.vrpath
[Child 10232, Chrome_ChildThread] WARNING: pipe error: 109: file z:/build/build/src/ipc/chromium/src/chrome/common/ipc_channel_win.cc, line 346
[Child 10232, Chrome_ChildThread] WARNING: pipe error: 109: file z:/build/build/src/ipc/chromium/src/chrome/common/ipc_channel_win.cc, line 346
[Parent 12320, Gecko_IOThread] WARNING: file z:/build/build/src/ipc/chromium/src/base/process_util_win.cc, line 188
IPDL protocol error: Handler returned error code!

###!!! [Parent][DispatchAsyncMessage] Error: PLayerTransaction::Msg_ReleaseLayer Processing error: message was deserialized, but the handler returned false (indicating failure)

IPDL protocol error: Handler returned error code!

###!!! [Parent][DispatchAsyncMessage] Error: PLayerTransaction::Msg_ReleaseLayer Processing error: message was deserialized, but the handler returned false (indicating failure)

IPDL protocol error: Handler returned error code!

###!!! [Parent][DispatchAsyncMessage] Error: PLayerTransaction::Msg_ReleaseLayer Processing error: message was deserialized, but the handler returned false (indicating failure)

IPDL protocol error: Handler returned error code!

###!!! [Parent][DispatchAsyncMessage] Error: PLayerTransaction::Msg_ReleaseLayer Processing error: message was deserialized, but the handler returned false (indicating failure)

[Parent 12320, Gecko_IOThread] WARNING: pipe error: 109: file z:/build/build/src/ipc/chromium/src/chrome/common/ipc_channel_win.cc, line 346
Unable to read VR Path Registry from C:\Users\UHIPUser\AppData\Local\openvr\openvrpaths.vrpath
[Child 8100, Chrome_ChildThread] WARNING: pipe error: 109: file z:/build/build/src/ipc/chromium/src/chrome/common/ipc_channel_win.cc, line 346
[Child 8100, Chrome_ChildThread] WARNING: pipe error: 109: file z:/build/build/src/ipc/chromium/src/chrome/common/ipc_channel_win.cc, line 346
[Parent 12320, Gecko_IOThread] WARNING: pipe error: 109: file z:/build/build/src/ipc/chromium/src/chrome/common/ipc_channel_win.cc, line 346
Unable to read VR Path Registry from C:\Users\UHIPUser\AppData\Local\openvr\openvrpaths.vrpath
[Child 10732, Chrome_ChildThread] WARNING: pipe error: 109: file z:/build/build/src/ipc/chromium/src/chrome/common/ipc_channel_win.cc, line 346
*** UTM:SVC TimerManager:registerTimer called after profile-before-change notification. Ignoring timer registration for id: telemetry_modules_ping
Unable to read VR Path Registry from C:\Users\UHIPUser\AppData\Local\openvr\openvrpaths.vrpath
[GPU 12528, Chrome_ChildThread] WARNING: pipe error: 109: file z:/build/build/src/ipc/chromium/src/chrome/common/ipc_channel_win.cc, line 346

###!!! [Child][MessageChannel::SendAndWait] Error: Channel error: cannot send/recv

1532364141549	geckodriver	INFO	geckodriver 0.21.0
1532364141558	geckodriver	INFO	Listening on 127.0.0.1:62796
1532364142069	mozrunner::runner	INFO	Running command: "C:\\Program Files\\Mozilla Firefox\\firefox.exe" "-marionette" "-foreground" "-no-remote" "-profile" "C:\\Users\\UHIPUser\\AppData\\Local\\Temp\\rust_mozprofile.sBd6rN5W2YLn"
1532364145855	Marionette	INFO	Listening on port 62801
1532364146006	Marionette	WARN	TLS certificate errors will be ignored for this session
Unable to read VR Path Registry from C:\Users\UHIPUser\AppData\Local\openvr\openvrpaths.vrpath
[Child 11028, Chrome_ChildThread] WARNING: pipe error: 109: file z:/build/build/src/ipc/chromium/src/chrome/common/ipc_channel_win.cc, line 346
[Child 11028, Chrome_ChildThread] WARNING: pipe error: 109: file z:/build/build/src/ipc/chromium/src/chrome/common/ipc_channel_win.cc, line 346
Unable to read VR Path Registry from C:\Users\UHIPUser\AppData\Local\openvr\openvrpaths.vrpath
[Child 11004, Chrome_ChildThread] WARNING: pipe error: 109: file z:/build/build/src/ipc/chromium/src/chrome/common/ipc_channel_win.cc, line 346
[Child 11004, Chrome_ChildThread] WARNING: pipe error: 109: file z:/build/build/src/ipc/chromium/src/chrome/common/ipc_channel_win.cc, line 346
Unable to read VR Path Registry from C:\Users\UHIPUser\AppData\Local\openvr\openvrpaths.vrpath
[Parent 13048, Gecko_IOThread] WARNING: pipe error: 109: file z:/build/build/src/ipc/chromium/src/chrome/common/ipc_channel_win.cc, line 346
Unable to read VR Path Registry from C:\Users\UHIPUser\AppData\Local\openvr\openvrpaths.vrpath
[Child 13136, Chrome_ChildThread] WARNING: pipe error: 109: file z:/build/build/src/ipc/chromium/src/chrome/common/ipc_channel_win.cc, line 346
[Child 13136, Chrome_ChildThread] WARNING: pipe error: 109: file z:/build/build/src/ipc/chromium/src/chrome/common/ipc_channel_win.cc, line 346
*** UTM:SVC TimerManager:registerTimer called after profile-before-change notification. Ignoring timer registration for id: telemetry_modules_ping
Unable to read VR Path Registry from C:\Users\UHIPUser\AppData\Local\openvr\openvrpaths.vrpath
[GPU 12424, Chrome_ChildThread] WARNING: pipe error: 109: file z:/build/build/src/ipc/chromium/src/chrome/common/ipc_channel_win.cc, line 346

###!!! [Child][MessageChannel::SendAndWait] Error: Channel error: cannot send/recv

1532364502472	geckodriver	INFO	geckodriver 0.21.0
1532364502480	geckodriver	INFO	Listening on 127.0.0.1:62833
1532364503003	mozrunner::runner	INFO	Running command: "C:\\Program Files\\Mozilla Firefox\\firefox.exe" "-marionette" "-foreground" "-no-remote" "-profile" "C:\\Users\\UHIPUser\\AppData\\Local\\Temp\\rust_mozprofile.ehT9vBNI4nSk"
1532364509072	Marionette	INFO	Listening on port 62838
1532364510445	Marionette	WARN	TLS certificate errors will be ignored for this session
Unable to read VR Path Registry from C:\Users\UHIPUser\AppData\Local\openvr\openvrpaths.vrpath
[Parent 12988, Gecko_IOThread] WARNING: pipe error: 109: file z:/build/build/src/ipc/chromium/src/chrome/common/ipc_channel_win.cc, line 346
Unable to read VR Path Registry from C:\Users\UHIPUser\AppData\Local\openvr\openvrpaths.vrpath
[Child 3156, Chrome_ChildThread] WARNING: pipe error: 109: file z:/build/build/src/ipc/chromium/src/chrome/common/ipc_channel_win.cc, line 346
[Child 3156, Chrome_ChildThread] WARNING: pipe error: 109: file z:/build/build/src/ipc/chromium/src/chrome/common/ipc_channel_win.cc, line 346
[Parent 12988, Gecko_IOThread] WARNING: pipe error: 109: file z:/build/build/src/ipc/chromium/src/chrome/common/ipc_channel_win.cc, line 346
Unable to read VR Path Registry from C:\Users\UHIPUser\AppData\Local\openvr\openvrpaths.vrpath
[Child 5532, Chrome_ChildThread] WARNING: pipe error: 109: file z:/build/build/src/ipc/chromium/src/chrome/common/ipc_channel_win.cc, line 346
[Child 5532, Chrome_ChildThread] WARNING: pipe error: 109: file z:/build/build/src/ipc/chromium/src/chrome/common/ipc_channel_win.cc, line 346
[Parent 12988, Gecko_IOThread] WARNING: pipe error: 109: file z:/build/build/src/ipc/chromium/src/chrome/common/ipc_channel_win.cc, line 346
Unable to read VR Path Registry from C:\Users\UHIPUser\AppData\Local\openvr\openvrpaths.vrpath
[Child 12396, Chrome_ChildThread] WARNING: pipe error: 109: file z:/build/build/src/ipc/chromium/src/chrome/common/ipc_channel_win.cc, line 346
[Child 12396, Chrome_ChildThread] WARNING: pipe error: 109: file z:/build/build/src/ipc/chromium/src/chrome/common/ipc_channel_win.cc, line 346
*** UTM:SVC TimerManager:registerTimer called after profile-before-change notification. Ignoring timer registration for id: telemetry_modules_ping
Unable to read VR Path Registry from C:\Users\UHIPUser\AppData\Local\openvr\openvrpaths.vrpath
[GPU 6748, Chrome_ChildThread] WARNING: pipe error: 109: file z:/build/build/src/ipc/chromium/src/chrome/common/ipc_channel_win.cc, line 346
1532364819132	geckodriver	INFO	geckodriver 0.21.0
1532364819141	geckodriver	INFO	Listening on 127.0.0.1:63290
1532364819572	mozrunner::runner	INFO	Running command: "C:\\Program Files\\Mozilla Firefox\\firefox.exe" "-marionette" "-foreground" "-no-remote" "-profile" "C:\\Users\\UHIPUser\\AppData\\Local\\Temp\\rust_mozprofile.ufD0uNMU5oib"
Unable to read VR Path Registry from C:\Users\UHIPUser\AppData\Local\openvr\openvrpaths.vrpath
[Child 2036, Chrome_ChildThread] WARNING: pipe error: 109: file z:/build/build/src/ipc/chromium/src/chrome/common/ipc_channel_win.cc, line 346
[Child 2036, Chrome_ChildThread] WARNING: pipe error: 109: file z:/build/build/src/ipc/chromium/src/chrome/common/ipc_channel_win.cc, line 346
1532364834175	Marionette	INFO	Listening on port 63295

###!!! [Parent][MessageChannel] Error: (msgtype=0x2D0055,name=PContent::Msg_ProvideAnonymousTemporaryFile) Closed channel: cannot send/recv

1532364834385	Marionette	WARN	TLS certificate errors will be ignored for this session
Unable to read VR Path Registry from C:\Users\UHIPUser\AppData\Local\openvr\openvrpaths.vrpath
[Child 11712, Chrome_ChildThread] WARNING: pipe error: 109: file z:/build/build/src/ipc/chromium/src/chrome/common/ipc_channel_win.cc, line 346
[Child 11712, Chrome_ChildThread] WARNING: pipe error: 109: file z:/build/build/src/ipc/chromium/src/chrome/common/ipc_channel_win.cc, line 346
Unable to read VR Path Registry from C:\Users\UHIPUser\AppData\Local\openvr\openvrpaths.vrpath
[Child 8432, Chrome_ChildThread] WARNING: pipe error: 232: file z:/build/build/src/ipc/chromium/src/chrome/common/ipc_channel_win.cc, line 513
[Child 8432, Chrome_ChildThread] WARNING: pipe error: 109: file z:/build/build/src/ipc/chromium/src/chrome/common/ipc_channel_win.cc, line 346
[Child 8432, Chrome_ChildThread] WARNING: pipe error: 109: file z:/build/build/src/ipc/chromium/src/chrome/common/ipc_channel_win.cc, line 346
Unable to read VR Path Registry from C:\Users\UHIPUser\AppData\Local\openvr\openvrpaths.vrpath
[Child 13064, Chrome_ChildThread] WARNING: pipe error: 109: file z:/build/build/src/ipc/chromium/src/chrome/common/ipc_channel_win.cc, line 346
[Child 13064, Chrome_ChildThread] WARNING: pipe error: 109: file z:/build/build/src/ipc/chromium/src/chrome/common/ipc_channel_win.cc, line 346
*** UTM:SVC TimerManager:registerTimer called after profile-before-change notification. Ignoring timer registration for id: telemetry_modules_ping
Unable to read VR Path Registry from C:\Users\UHIPUser\AppData\Local\openvr\openvrpaths.vrpath
[GPU 3196, Chrome_ChildThread] WARNING: pipe error: 109: file z:/build/build/src/ipc/chromium/src/chrome/common/ipc_channel_win.cc, line 346

###!!! [Child][MessageChannel::SendAndWait] Error: (msgtype=0x4B0004,name=PImageBridge::Msg_WillClose) Channel error: cannot send/recv

Unable to read VR Path Registry from C:\Users\UHIPUser\AppData\Local\openvr\openvrpaths.vrpath
1532365098029	geckodriver	INFO	geckodriver 0.21.0
1532365098043	geckodriver	INFO	Listening on 127.0.0.1:63447
1532365098492	mozrunner::runner	INFO	Running command: "C:\\Program Files\\Mozilla Firefox\\firefox.exe" "-marionette" "-foreground" "-no-remote" "-profile" "C:\\Users\\UHIPUser\\AppData\\Local\\Temp\\rust_mozprofile.w3ARi8iglzSJ"
1532365103187	Marionette	INFO	Listening on port 63452
1532365103462	Marionette	WARN	TLS certificate errors will be ignored for this session
Unable to read VR Path Registry from C:\Users\UHIPUser\AppData\Local\openvr\openvrpaths.vrpath
[Child 13104, Chrome_ChildThread] WARNING: pipe error: 109: file z:/build/build/src/ipc/chromium/src/chrome/common/ipc_channel_win.cc, line 346
[Child 13104, Chrome_ChildThread] WARNING: pipe error: 109: file z:/build/build/src/ipc/chromium/src/chrome/common/ipc_channel_win.cc, line 346
Unable to read VR Path Registry from C:\Users\UHIPUser\AppData\Local\openvr\openvrpaths.vrpath
[Child 3624, Chrome_ChildThread] WARNING: pipe error: 109: file z:/build/build/src/ipc/chromium/src/chrome/common/ipc_channel_win.cc, line 346
[Child 3624, Chrome_ChildThread] WARNING: pipe error: 109: file z:/build/build/src/ipc/chromium/src/chrome/common/ipc_channel_win.cc, line 346
Unable to read VR Path Registry from C:\Users\UHIPUser\AppData\Local\openvr\openvrpaths.vrpath
[Child 7568, Chrome_ChildThread] WARNING: pipe error: 109: file z:/build/build/src/ipc/chromium/src/chrome/common/ipc_channel_win.cc, line 346
[Child 7568, Chrome_ChildThread] WARNING: pipe error: 109: file z:/build/build/src/ipc/chromium/src/chrome/common/ipc_channel_win.cc, line 346
Unable to read VR Path Registry from C:\Users\UHIPUser\AppData\Local\openvr\openvrpaths.vrpath
[Parent 10284, Gecko_IOThread] WARNING: file z:/build/build/src/ipc/chromium/src/base/process_util_win.cc, line 188
*** UTM:SVC TimerManager:registerTimer called after profile-before-change notification. Ignoring timer registration for id: telemetry_modules_ping

###!!! [Child][MessageChannel::SendAndWait] Error: Channel error: cannot send/recv

1532365200597	geckodriver	INFO	geckodriver 0.21.0
1532365200610	geckodriver	INFO	Listening on 127.0.0.1:63542
1532365200665	mozrunner::runner	INFO	Running command: "C:\\Program Files\\Mozilla Firefox\\firefox.exe" "-marionette" "-foreground" "-no-remote" "-profile" "C:\\Users\\UHIPUser\\AppData\\Local\\Temp\\rust_mozprofile.lt4Y7tpqbKAR"
1532365208591	Marionette	INFO	Listening on port 63547
1532365208904	Marionette	WARN	TLS certificate errors will be ignored for this session
Unable to read VR Path Registry from C:\Users\UHIPUser\AppData\Local\openvr\openvrpaths.vrpath
[Child 11648, Chrome_ChildThread] WARNING: pipe error: 109: file z:/build/build/src/ipc/chromium/src/chrome/common/ipc_channel_win.cc, line 346
[Child 11648, Chrome_ChildThread] WARNING: pipe error: 109: file z:/build/build/src/ipc/chromium/src/chrome/common/ipc_channel_win.cc, line 346
Unable to read VR Path Registry from C:\Users\UHIPUser\AppData\Local\openvr\openvrpaths.vrpath
[Parent 9272, Gecko_IOThread] WARNING: pipe error: 109: file z:/build/build/src/ipc/chromium/src/chrome/common/ipc_channel_win.cc, line 346
Unable to read VR Path Registry from C:\Users\UHIPUser\AppData\Local\openvr\openvrpaths.vrpath
[Child 13288, Chrome_ChildThread] WARNING: pipe error: 109: file z:/build/build/src/ipc/chromium/src/chrome/common/ipc_channel_win.cc, line 346
[Child 13288, Chrome_ChildThread] WARNING: pipe error: 109: file z:/build/build/src/ipc/chromium/src/chrome/common/ipc_channel_win.cc, line 346
Unable to read VR Path Registry from C:\Users\UHIPUser\AppData\Local\openvr\openvrpaths.vrpath
[Child 8580, Chrome_ChildThread] WARNING: pipe error: 109: file z:/build/build/src/ipc/chromium/src/chrome/common/ipc_channel_win.cc, line 346
Unable to read VR Path Registry from C:\Users\UHIPUser\AppData\Local\openvr\openvrpaths.vrpath
[GPU 11240, Chrome_ChildThread] WARNING: pipe error: 109: file z:/build/build/src/ipc/chromium/src/chrome/common/ipc_channel_win.cc, line 346

###!!! [Child][MessageChannel::SendAndWait] Error: Channel error: cannot send/recv

1532367198593	geckodriver	INFO	geckodriver 0.21.0
1532367198611	geckodriver	INFO	Listening on 127.0.0.1:63725
1532367199046	mozrunner::runner	INFO	Running command: "C:\\Program Files\\Mozilla Firefox\\firefox.exe" "-marionette" "-foreground" "-no-remote" "-profile" "C:\\Users\\UHIPUser\\AppData\\Local\\Temp\\rust_mozprofile.XzucZ8utdOaE"
1532367203902	Marionette	INFO	Listening on port 63730
1532367204452	Marionette	WARN	TLS certificate errors will be ignored for this session
Unable to read VR Path Registry from C:\Users\UHIPUser\AppData\Local\openvr\openvrpaths.vrpath
[Child 12024, Chrome_ChildThread] WARNING: pipe error: 109: file z:/build/build/src/ipc/chromium/src/chrome/common/ipc_channel_win.cc, line 346
[Child 12024, Chrome_ChildThread] WARNING: pipe error: 109: file z:/build/build/src/ipc/chromium/src/chrome/common/ipc_channel_win.cc, line 346
1532367227718	addons.productaddons	WARN	Failed downloading via XHR, status: 0, reason: error
Unable to read VR Path Registry from C:\Users\UHIPUser\AppData\Local\openvr\openvrpaths.vrpath
[Child 6152, Chrome_ChildThread] WARNING: pipe error: 109: file z:/build/build/src/ipc/chromium/src/chrome/common/ipc_channel_win.cc, line 346
*** UTM:SVC TimerManager:registerTimer called after profile-before-change notification. Ignoring timer registration for id: telemetry_modules_ping

###!!! [Child][MessageChannel::SendAndWait] Error: Channel error: cannot send/recv

Unable to read VR Path Registry from C:\Users\UHIPUser\AppData\Local\openvr\openvrpaths.vrpath
1532367385004	geckodriver	INFO	geckodriver 0.21.0
1532367385012	geckodriver	INFO	Listening on 127.0.0.1:63896
1532367385536	mozrunner::runner	INFO	Running command: "C:\\Program Files\\Mozilla Firefox\\firefox.exe" "-marionette" "-foreground" "-no-remote" "-profile" "C:\\Users\\UHIPUser\\AppData\\Local\\Temp\\rust_mozprofile.mzjdTfvZBFmG"
1532367394937	Marionette	INFO	Listening on port 63901
Unable to read VR Path Registry from C:\Users\UHIPUser\AppData\Local\openvr\openvrpaths.vrpath
[Child 12408, Chrome_ChildThread] WARNING: pipe error: 109: file z:/build/build/src/ipc/chromium/src/chrome/common/ipc_channel_win.cc, line 346
[Child 12408, Chrome_ChildThread] WARNING: pipe error: 109: file z:/build/build/src/ipc/chromium/src/chrome/common/ipc_channel_win.cc, line 346
1532367395352	Marionette	WARN	TLS certificate errors will be ignored for this session
Unable to read VR Path Registry from C:\Users\UHIPUser\AppData\Local\openvr\openvrpaths.vrpath
[Child 12324, Chrome_ChildThread] WARNING: pipe error: 109: file z:/build/build/src/ipc/chromium/src/chrome/common/ipc_channel_win.cc, line 346
[Child 12324, Chrome_ChildThread] WARNING: pipe error: 109: file z:/build/build/src/ipc/chromium/src/chrome/common/ipc_channel_win.cc, line 346
Unable to read VR Path Registry from C:\Users\UHIPUser\AppData\Local\openvr\openvrpaths.vrpath
[Child 11808, Chrome_ChildThread] WARNING: pipe error: 109: file z:/build/build/src/ipc/chromium/src/chrome/common/ipc_channel_win.cc, line 346
[Child 11808, Chrome_ChildThread] WARNING: pipe error: 109: file z:/build/build/src/ipc/chromium/src/chrome/common/ipc_channel_win.cc, line 346
Unable to read VR Path Registry from C:\Users\UHIPUser\AppData\Local\openvr\openvrpaths.vrpath
[Child 12596, Chrome_ChildThread] WARNING: pipe error: 109: file z:/build/build/src/ipc/chromium/src/chrome/common/ipc_channel_win.cc, line 346
[Child 12596, Chrome_ChildThread] WARNING: pipe error: 109: file z:/build/build/src/ipc/chromium/src/chrome/common/ipc_channel_win.cc, line 346
*** UTM:SVC TimerManager:registerTimer called after profile-before-change notification. Ignoring timer registration for id: telemetry_modules_ping
Unable to read VR Path Registry from C:\Users\UHIPUser\AppData\Local\openvr\openvrpaths.vrpath
[GPU 11000, Chrome_ChildThread] WARNING: pipe error: 109: file z:/build/build/src/ipc/chromium/src/chrome/common/ipc_channel_win.cc, line 346

###!!! [Child][MessageChannel::SendAndWait] Error: Channel error: cannot send/recv

Unable to read VR Path Registry from C:\Users\UHIPUser\AppData\Local\openvr\openvrpaths.vrpath
1532367552002	geckodriver	INFO	geckodriver 0.21.0
1532367552013	geckodriver	INFO	Listening on 127.0.0.1:63991
1532367552583	mozrunner::runner	INFO	Running command: "C:\\Program Files\\Mozilla Firefox\\firefox.exe" "-marionette" "-foreground" "-no-remote" "-profile" "C:\\Users\\UHIPUser\\AppData\\Local\\Temp\\rust_mozprofile.YZ2aLpDyG8g3"
1532367557636	Marionette	INFO	Listening on port 63996
1532367558587	Marionette	WARN	TLS certificate errors will be ignored for this session
Unable to read VR Path Registry from C:\Users\UHIPUser\AppData\Local\openvr\openvrpaths.vrpath
[Child 10592, Chrome_ChildThread] WARNING: pipe error: 109: file z:/build/build/src/ipc/chromium/src/chrome/common/ipc_channel_win.cc, line 346
Unable to read VR Path Registry from C:\Users\UHIPUser\AppData\Local\openvr\openvrpaths.vrpath
[Child 11540, Chrome_ChildThread] WARNING: pipe error: 109: file z:/build/build/src/ipc/chromium/src/chrome/common/ipc_channel_win.cc, line 346
[Child 11540, Chrome_ChildThread] WARNING: pipe error: 109: file z:/build/build/src/ipc/chromium/src/chrome/common/ipc_channel_win.cc, line 346
Unable to read VR Path Registry from C:\Users\UHIPUser\AppData\Local\openvr\openvrpaths.vrpath
[Child 11632, Chrome_ChildThread] WARNING: pipe error: 109: file z:/build/build/src/ipc/chromium/src/chrome/common/ipc_channel_win.cc, line 346
Unable to read VR Path Registry from C:\Users\UHIPUser\AppData\Local\openvr\openvrpaths.vrpath
[Parent 10776, Gecko_IOThread] WARNING: file z:/build/build/src/ipc/chromium/src/base/process_util_win.cc, line 188
*** UTM:SVC TimerManager:registerTimer called after profile-before-change notification. Ignoring timer registration for id: telemetry_modules_ping
Unable to read VR Path Registry from C:\Users\UHIPUser\AppData\Local\openvr\openvrpaths.vrpath
[GPU 11612, Chrome_ChildThread] WARNING: pipe error: 109: file z:/build/build/src/ipc/chromium/src/chrome/common/ipc_channel_win.cc, line 346

###!!! [Child][MessageChannel::SendAndWait] Error: Channel error: cannot send/recv

1532367645493	geckodriver	INFO	geckodriver 0.21.0
1532367645502	geckodriver	INFO	Listening on 127.0.0.1:64094
1532367645561	mozrunner::runner	INFO	Running command: "C:\\Program Files\\Mozilla Firefox\\firefox.exe" "-marionette" "-foreground" "-no-remote" "-profile" "C:\\Users\\UHIPUser\\AppData\\Local\\Temp\\rust_mozprofile.L3nhSnM23wZW"
1532367651373	Marionette	INFO	Listening on port 64099
1532367651600	Marionette	WARN	TLS certificate errors will be ignored for this session
Unable to read VR Path Registry from C:\Users\UHIPUser\AppData\Local\openvr\openvrpaths.vrpath
[Child 10672, Chrome_ChildThread] WARNING: pipe error: 109: file z:/build/build/src/ipc/chromium/src/chrome/common/ipc_channel_win.cc, line 346
[Child 10672, Chrome_ChildThread] WARNING: pipe error: 109: file z:/build/build/src/ipc/chromium/src/chrome/common/ipc_channel_win.cc, line 346
Unable to read VR Path Registry from C:\Users\UHIPUser\AppData\Local\openvr\openvrpaths.vrpath
[Parent 10388, Gecko_IOThread] WARNING: pipe error: 109: file z:/build/build/src/ipc/chromium/src/chrome/common/ipc_channel_win.cc, line 346
Unable to read VR Path Registry from C:\Users\UHIPUser\AppData\Local\openvr\openvrpaths.vrpath
[Child 11972, Chrome_ChildThread] WARNING: pipe error: 109: file z:/build/build/src/ipc/chromium/src/chrome/common/ipc_channel_win.cc, line 346
[Child 11972, Chrome_ChildThread] WARNING: pipe error: 109: file z:/build/build/src/ipc/chromium/src/chrome/common/ipc_channel_win.cc, line 346

###!!! [Parent][MessageChannel] Error: (msgtype=0x130011,name=PBackgroundStorage::Msg_Observe) Channel error: cannot send/recv

Unable to read VR Path Registry from C:\Users\UHIPUser\AppData\Local\openvr\openvrpaths.vrpath
[Child 1408, Chrome_ChildThread] WARNING: pipe error: 109: file z:/build/build/src/ipc/chromium/src/chrome/common/ipc_channel_win.cc, line 346
[Child 1408, Chrome_ChildThread] WARNING: pipe error: 109: file z:/build/build/src/ipc/chromium/src/chrome/common/ipc_channel_win.cc, line 346
*** UTM:SVC TimerManager:registerTimer called after profile-before-change notification. Ignoring timer registration for id: telemetry_modules_ping

###!!! [Child][MessageChannel::SendAndWait] Error: Channel error: cannot send/recv

1532367717544	geckodriver	INFO	geckodriver 0.21.0
1532367717554	geckodriver	INFO	Listening on 127.0.0.1:64196
1532367717862	mozrunner::runner	INFO	Running command: "C:\\Program Files\\Mozilla Firefox\\firefox.exe" "-marionette" "-foreground" "-no-remote" "-profile" "C:\\Users\\UHIPUser\\AppData\\Local\\Temp\\rust_mozprofile.pMqEalrEmREX"
1532367733632	Marionette	INFO	Listening on port 64201
1532367734806	Marionette	WARN	TLS certificate errors will be ignored for this session
Unable to read VR Path Registry from C:\Users\UHIPUser\AppData\Local\openvr\openvrpaths.vrpath
[Child 7972, Chrome_ChildThread] WARNING: pipe error: 109: file z:/build/build/src/ipc/chromium/src/chrome/common/ipc_channel_win.cc, line 346
1532367761023	addons.productaddons	WARN	Failed downloading via XHR, status: 0, reason: error
Unable to read VR Path Registry from C:\Users\UHIPUser\AppData\Local\openvr\openvrpaths.vrpath
[Child 9792, Chrome_ChildThread] WARNING: pipe error: 109: file z:/build/build/src/ipc/chromium/src/chrome/common/ipc_channel_win.cc, line 346
Unable to read VR Path Registry from C:\Users\UHIPUser\AppData\Local\openvr\openvrpaths.vrpath
[Child 1272, Chrome_ChildThread] WARNING: pipe error: 109: file z:/build/build/src/ipc/chromium/src/chrome/common/ipc_channel_win.cc, line 346
*** UTM:SVC TimerManager:registerTimer called after profile-before-change notification. Ignoring timer registration for id: telemetry_modules_ping
Unable to read VR Path Registry from C:\Users\UHIPUser\AppData\Local\openvr\openvrpaths.vrpath
[GPU 10620, Chrome_ChildThread] WARNING: pipe error: 109: file z:/build/build/src/ipc/chromium/src/chrome/common/ipc_channel_win.cc, line 346
Unable to read VR Path Registry from C:\Users\UHIPUser\AppData\Local\openvr\openvrpaths.vrpath
1532368181296	geckodriver	INFO	geckodriver 0.21.0
1532368181307	geckodriver	INFO	Listening on 127.0.0.1:64306
1532368181854	mozrunner::runner	INFO	Running command: "C:\\Program Files\\Mozilla Firefox\\firefox.exe" "-marionette" "-foreground" "-no-remote" "-profile" "C:\\Users\\UHIPUser\\AppData\\Local\\Temp\\rust_mozprofile.gVG6xfrEZOPm"
1532368188190	Marionette	INFO	Listening on port 64311
1532368188361	Marionette	WARN	TLS certificate errors will be ignored for this session
Unable to read VR Path Registry from C:\Users\UHIPUser\AppData\Local\openvr\openvrpaths.vrpath
[Parent 8248, Gecko_IOThread] WARNING: pipe error: 109: file z:/build/build/src/ipc/chromium/src/chrome/common/ipc_channel_win.cc, line 346
Unable to read VR Path Registry from C:\Users\UHIPUser\AppData\Local\openvr\openvrpaths.vrpath
[Child 12792, Chrome_ChildThread] WARNING: pipe error: 109: file z:/build/build/src/ipc/chromium/src/chrome/common/ipc_channel_win.cc, line 346
[Child 12792, Chrome_ChildThread] WARNING: pipe error: 109: file z:/build/build/src/ipc/chromium/src/chrome/common/ipc_channel_win.cc, line 346
Unable to read VR Path Registry from C:\Users\UHIPUser\AppData\Local\openvr\openvrpaths.vrpath
[Child 11360, Chrome_ChildThread] WARNING: pipe error: 109: file z:/build/build/src/ipc/chromium/src/chrome/common/ipc_channel_win.cc, line 346
[Child 11360, Chrome_ChildThread] WARNING: pipe error: 109: file z:/build/build/src/ipc/chromium/src/chrome/common/ipc_channel_win.cc, line 346
JavaScript error: jar:file:///C:/Program%20Files/Mozilla%20Firefox/browser/omni.ja!/components/nsBrowserGlue.js, line 1033: NS_ERROR_FAILURE: Component returned failure code: 0x80004005 (NS_ERROR_FAILURE) [nsIAppShellService.hiddenDOMWindow]
1532368203609	addons.productaddons	WARN	Failed downloading XML, status: 0, reason: error
1532368203611	addons.productaddons	WARN	Failed downloading via XHR, status: 0, reason: error
1532368203612	addons.productaddons	WARN	Failed downloading via XHR, status: 0, reason: error
Unable to read VR Path Registry from C:\Users\UHIPUser\AppData\Local\openvr\openvrpaths.vrpath
[Child 3772, Chrome_ChildThread] WARNING: pipe error: 109: file z:/build/build/src/ipc/chromium/src/chrome/common/ipc_channel_win.cc, line 346
[Child 3772, Chrome_ChildThread] WARNING: pipe error: 109: file z:/build/build/src/ipc/chromium/src/chrome/common/ipc_channel_win.cc, line 346
*** UTM:SVC TimerManager:registerTimer called after profile-before-change notification. Ignoring timer registration for id: telemetry_modules_ping
Unable to read VR Path Registry from C:\Users\UHIPUser\AppData\Local\openvr\openvrpaths.vrpath
[GPU 11412, Chrome_ChildThread] WARNING: pipe error: 109: file z:/build/build/src/ipc/chromium/src/chrome/common/ipc_channel_win.cc, line 346
1532368488855	geckodriver	INFO	geckodriver 0.21.0
1532368488866	geckodriver	INFO	Listening on 127.0.0.1:64407
1532368489312	mozrunner::runner	INFO	Running command: "C:\\Program Files\\Mozilla Firefox\\firefox.exe" "-marionette" "-foreground" "-no-remote" "-profile" "C:\\Users\\UHIPUser\\AppData\\Local\\Temp\\rust_mozprofile.IZ3tsANLt6fH"
1532368499751	Marionette	INFO	Listening on port 64412
1532368499816	Marionette	WARN	TLS certificate errors will be ignored for this session
Unable to read VR Path Registry from C:\Users\UHIPUser\AppData\Local\openvr\openvrpaths.vrpath
[Child 12960, Chrome_ChildThread] WARNING: pipe error: 109: file z:/build/build/src/ipc/chromium/src/chrome/common/ipc_channel_win.cc, line 346
[Child 12960, Chrome_ChildThread] WARNING: pipe error: 109: file z:/build/build/src/ipc/chromium/src/chrome/common/ipc_channel_win.cc, line 346
Unable to read VR Path Registry from C:\Users\UHIPUser\AppData\Local\openvr\openvrpaths.vrpath
[Child 9144, Chrome_ChildThread] WARNING: pipe error: 109: file z:/build/build/src/ipc/chromium/src/chrome/common/ipc_channel_win.cc, line 346
[Child 9144, Chrome_ChildThread] WARNING: pipe error: 109: file z:/build/build/src/ipc/chromium/src/chrome/common/ipc_channel_win.cc, line 346
Unable to read VR Path Registry from C:\Users\UHIPUser\AppData\Local\openvr\openvrpaths.vrpath
[Child 5336, Chrome_ChildThread] WARNING: pipe error: 109: file z:/build/build/src/ipc/chromium/src/chrome/common/ipc_channel_win.cc, line 346
*** UTM:SVC TimerManager:registerTimer called after profile-before-change notification. Ignoring timer registration for id: telemetry_modules_ping
Unable to read VR Path Registry from C:\Users\UHIPUser\AppData\Local\openvr\openvrpaths.vrpath
[GPU 12580, Chrome_ChildThread] WARNING: pipe error: 109: file z:/build/build/src/ipc/chromium/src/chrome/common/ipc_channel_win.cc, line 346
Unable to read VR Path Registry from C:\Users\UHIPUser\AppData\Local\openvr\openvrpaths.vrpath
1532368783086	geckodriver	INFO	geckodriver 0.21.0
1532368783094	geckodriver	INFO	Listening on 127.0.0.1:64564
1532368783678	mozrunner::runner	INFO	Running command: "C:\\Program Files\\Mozilla Firefox\\firefox.exe" "-marionette" "-foreground" "-no-remote" "-profile" "C:\\Users\\UHIPUser\\AppData\\Local\\Temp\\rust_mozprofile.CCoWilE2cTot"
1532368790785	Marionette	INFO	Listening on port 64569
1532368790800	Marionette	WARN	TLS certificate errors will be ignored for this session
Unable to read VR Path Registry from C:\Users\UHIPUser\AppData\Local\openvr\openvrpaths.vrpath
[Parent 11500, Gecko_IOThread] WARNING: pipe error: 109: file z:/build/build/src/ipc/chromium/src/chrome/common/ipc_channel_win.cc, line 346
Unable to read VR Path Registry from C:\Users\UHIPUser\AppData\Local\openvr\openvrpaths.vrpath
[Child 2016, Chrome_ChildThread] WARNING: pipe error: 109: file z:/build/build/src/ipc/chromium/src/chrome/common/ipc_channel_win.cc, line 346
[Child 2016, Chrome_ChildThread] WARNING: pipe error: 109: file z:/build/build/src/ipc/chromium/src/chrome/common/ipc_channel_win.cc, line 346
Unable to read VR Path Registry from C:\Users\UHIPUser\AppData\Local\openvr\openvrpaths.vrpath
[Child 5232, Chrome_ChildThread] WARNING: pipe error: 109: file z:/build/build/src/ipc/chromium/src/chrome/common/ipc_channel_win.cc, line 346
[Child 5232, Chrome_ChildThread] WARNING: pipe error: 109: file z:/build/build/src/ipc/chromium/src/chrome/common/ipc_channel_win.cc, line 346
[Parent 11500, Gecko_IOThread] WARNING: pipe error: 109: file z:/build/build/src/ipc/chromium/src/chrome/common/ipc_channel_win.cc, line 346
Unable to read VR Path Registry from C:\Users\UHIPUser\AppData\Local\openvr\openvrpaths.vrpath
[Child 4280, Chrome_ChildThread] WARNING: pipe error: 109: file z:/build/build/src/ipc/chromium/src/chrome/common/ipc_channel_win.cc, line 346
[Child 4280, Chrome_ChildThread] WARNING: pipe error: 109: file z:/build/build/src/ipc/chromium/src/chrome/common/ipc_channel_win.cc, line 346
*** UTM:SVC TimerManager:registerTimer called after profile-before-change notification. Ignoring timer registration for id: telemetry_modules_ping
Unable to read VR Path Registry from C:\Users\UHIPUser\AppData\Local\openvr\openvrpaths.vrpath
[GPU 6880, Chrome_ChildThread] WARNING: pipe error: 109: file z:/build/build/src/ipc/chromium/src/chrome/common/ipc_channel_win.cc, line 346
1532369467861	geckodriver	INFO	geckodriver 0.21.0
1532369467870	geckodriver	INFO	Listening on 127.0.0.1:64954
1532369468402	mozrunner::runner	INFO	Running command: "C:\\Program Files\\Mozilla Firefox\\firefox.exe" "-marionette" "-foreground" "-no-remote" "-profile" "C:\\Users\\UHIPUser\\AppData\\Local\\Temp\\rust_mozprofile.SmRG3926SoyW"
Unable to read VR Path Registry from C:\Users\UHIPUser\AppData\Local\openvr\openvrpaths.vrpath
[Child 8660, Chrome_ChildThread] WARNING: pipe error: 109: file z:/build/build/src/ipc/chromium/src/chrome/common/ipc_channel_win.cc, line 346
[Child 8660, Chrome_ChildThread] WARNING: pipe error: 109: file z:/build/build/src/ipc/chromium/src/chrome/common/ipc_channel_win.cc, line 346
1532369492578	Marionette	INFO	Listening on port 64959
1532369492633	Marionette	WARN	TLS certificate errors will be ignored for this session
Unable to read VR Path Registry from C:\Users\UHIPUser\AppData\Local\openvr\openvrpaths.vrpath
[Child 6168, Chrome_ChildThread] WARNING: pipe error: 109: file z:/build/build/src/ipc/chromium/src/chrome/common/ipc_channel_win.cc, line 346
[Child 6168, Chrome_ChildThread] WARNING: pipe error: 109: file z:/build/build/src/ipc/chromium/src/chrome/common/ipc_channel_win.cc, line 346
Unable to read VR Path Registry from C:\Users\UHIPUser\AppData\Local\openvr\openvrpaths.vrpath
[Parent 9772, Gecko_IOThread] WARNING: file z:/build/build/src/ipc/chromium/src/base/process_util_win.cc, line 188
[Parent 9772, Gecko_IOThread] WARNING: pipe error: 109: file z:/build/build/src/ipc/chromium/src/chrome/common/ipc_channel_win.cc, line 346
Unable to read VR Path Registry from C:\Users\UHIPUser\AppData\Local\openvr\openvrpaths.vrpath
[Child 11932, Chrome_ChildThread] WARNING: pipe error: 109: file z:/build/build/src/ipc/chromium/src/chrome/common/ipc_channel_win.cc, line 346
Unable to read VR Path Registry from C:\Users\UHIPUser\AppData\Local\openvr\openvrpaths.vrpath
[GPU 9900, Chrome_ChildThread] WARNING: pipe error: 109: file z:/build/build/src/ipc/chromium/src/chrome/common/ipc_channel_win.cc, line 346

###!!! [Child][MessageChannel::SendAndWait] Error: (msgtype=0x4B0004,name=PImageBridge::Msg_WillClose) Channel error: cannot send/recv

1532370827649	geckodriver	INFO	geckodriver 0.21.0
1532370827665	geckodriver	INFO	Listening on 127.0.0.1:65522
1532370828137	mozrunner::runner	INFO	Running command: "C:\\Program Files\\Mozilla Firefox\\firefox.exe" "-marionette" "-foreground" "-no-remote" "-profile" "C:\\Users\\UHIPUser\\AppData\\Local\\Temp\\rust_mozprofile.qScnUsIs67OJ"
Unable to read VR Path Registry from C:\Users\UHIPUser\AppData\Local\openvr\openvrpaths.vrpath
[Parent 9948, Gecko_IOThread] WARNING: pipe error: 109: file z:/build/build/src/ipc/chromium/src/chrome/common/ipc_channel_win.cc, line 346
1532370886157	Marionette	INFO	Listening on port 65527
Unable to read VR Path Registry from C:\Users\UHIPUser\AppData\Local\openvr\openvrpaths.vrpath
[Child 10652, Chrome_ChildThread] WARNING: pipe error: 109: file z:/build/build/src/ipc/chromium/src/chrome/common/ipc_channel_win.cc, line 346
[Child 10652, Chrome_ChildThread] WARNING: pipe error: 109: file z:/build/build/src/ipc/chromium/src/chrome/common/ipc_channel_win.cc, line 346
1532370887409	Marionette	WARN	TLS certificate errors will be ignored for this session
Unable to read VR Path Registry from C:\Users\UHIPUser\AppData\Local\openvr\openvrpaths.vrpath
[Child 12980, Chrome_ChildThread] WARNING: pipe error: 109: file z:/build/build/src/ipc/chromium/src/chrome/common/ipc_channel_win.cc, line 346
[Child 12980, Chrome_ChildThread] WARNING: pipe error: 109: file z:/build/build/src/ipc/chromium/src/chrome/common/ipc_channel_win.cc, line 346
Unable to read VR Path Registry from C:\Users\UHIPUser\AppData\Local\openvr\openvrpaths.vrpath
[Child 6916, Chrome_ChildThread] WARNING: pipe error: 109: file z:/build/build/src/ipc/chromium/src/chrome/common/ipc_channel_win.cc, line 346
[Child 6916, Chrome_ChildThread] WARNING: pipe error: 109: file z:/build/build/src/ipc/chromium/src/chrome/common/ipc_channel_win.cc, line 346
[Parent 9948, Gecko_IOThread] WARNING: file z:/build/build/src/ipc/chromium/src/base/process_util_win.cc, line 188
Unable to read VR Path Registry from C:\Users\UHIPUser\AppData\Local\openvr\openvrpaths.vrpath
[Child 4040, Chrome_ChildThread] WARNING: pipe error: 109: file z:/build/build/src/ipc/chromium/src/chrome/common/ipc_channel_win.cc, line 346
[Child 4040, Chrome_ChildThread] WARNING: pipe error: 109: file z:/build/build/src/ipc/chromium/src/chrome/common/ipc_channel_win.cc, line 346
Unable to read VR Path Registry from C:\Users\UHIPUser\AppData\Local\openvr\openvrpaths.vrpath
[GPU 3300, Chrome_ChildThread] WARNING: pipe error: 109: file z:/build/build/src/ipc/chromium/src/chrome/common/ipc_channel_win.cc, line 346

###!!! [Child][MessageChannel::SendAndWait] Error: Channel error: cannot send/recv

1532371107149	geckodriver	INFO	geckodriver 0.21.0
1532371107165	geckodriver	INFO	Listening on 127.0.0.1:49321
1532371107681	mozrunner::runner	INFO	Running command: "C:\\Program Files\\Mozilla Firefox\\firefox.exe" "-marionette" "-foreground" "-no-remote" "-profile" "C:\\Users\\UHIPUser\\AppData\\Local\\Temp\\rust_mozprofile.Fmgu3NIaI7L7"
1532371113144	Marionette	INFO	Listening on port 49326
1532371113222	Marionette	WARN	TLS certificate errors will be ignored for this session
1532371132574	addons.productaddons	WARN	Failed downloading via XHR, status: 0, reason: error
Unable to read VR Path Registry from C:\Users\UHIPUser\AppData\Local\openvr\openvrpaths.vrpath
[Child 12188, Chrome_ChildThread] WARNING: pipe error: 109: file z:/build/build/src/ipc/chromium/src/chrome/common/ipc_channel_win.cc, line 346
Unable to read VR Path Registry from C:\Users\UHIPUser\AppData\Local\openvr\openvrpaths.vrpath
[Child 1060, Chrome_ChildThread] WARNING: pipe error: 109: file z:/build/build/src/ipc/chromium/src/chrome/common/ipc_channel_win.cc, line 346
[Child 1060, Chrome_ChildThread] WARNING: pipe error: 109: file z:/build/build/src/ipc/chromium/src/chrome/common/ipc_channel_win.cc, line 346
*** UTM:SVC TimerManager:registerTimer called after profile-before-change notification. Ignoring timer registration for id: telemetry_modules_ping
Unable to read VR Path Registry from C:\Users\UHIPUser\AppData\Local\openvr\openvrpaths.vrpath
[GPU 6708, Chrome_ChildThread] WARNING: pipe error: 109: file z:/build/build/src/ipc/chromium/src/chrome/common/ipc_channel_win.cc, line 346

###!!! [Child][MessageChannel::SendAndWait] Error: Channel error: cannot send/recv

Unable to read VR Path Registry from C:\Users\UHIPUser\AppData\Local\openvr\openvrpaths.vrpath
1532371240609	geckodriver	INFO	geckodriver 0.21.0
1532371240625	geckodriver	INFO	Listening on 127.0.0.1:49419
1532371241079	mozrunner::runner	INFO	Running command: "C:\\Program Files\\Mozilla Firefox\\firefox.exe" "-marionette" "-foreground" "-no-remote" "-profile" "C:\\Users\\UHIPUser\\AppData\\Local\\Temp\\rust_mozprofile.PPsUoYISDdjA"
1532371245410	Marionette	INFO	Listening on port 49424
1532371245562	Marionette	WARN	TLS certificate errors will be ignored for this session
Unable to read VR Path Registry from C:\Users\UHIPUser\AppData\Local\openvr\openvrpaths.vrpath
[Parent 11820, Gecko_IOThread] WARNING: pipe error: 109: file z:/build/build/src/ipc/chromium/src/chrome/common/ipc_channel_win.cc, line 346
Unable to read VR Path Registry from C:\Users\UHIPUser\AppData\Local\openvr\openvrpaths.vrpath
[Child 6956, Chrome_ChildThread] WARNING: pipe error: 109: file z:/build/build/src/ipc/chromium/src/chrome/common/ipc_channel_win.cc, line 346
[Child 6956, Chrome_ChildThread] WARNING: pipe error: 109: file z:/build/build/src/ipc/chromium/src/chrome/common/ipc_channel_win.cc, line 346
Unable to read VR Path Registry from C:\Users\UHIPUser\AppData\Local\openvr\openvrpaths.vrpath
JavaScript error: https://www.googletagmanager.com/gtm.js?id=GTM-KM8MQ7, line 1097: NS_ERROR_NOT_INITIALIZED: 

###!!! [Child][MessageChannel] Error: (msgtype=0x49000F,name=PHttpChannel::Msg___delete__) Channel closing: too late to send/recv, messages will be lost

[Child 10360, Chrome_ChildThread] WARNING: pipe error: 109: file z:/build/build/src/ipc/chromium/src/chrome/common/ipc_channel_win.cc, line 346

###!!! [Child][MessageChannel] Error: (msgtype=0x2D00B0,name=PContent::Msg_ScriptError) Channel closing: too late to send/recv, messages will be lost


###!!! [Child][RunMessage] Error: Channel closing: too late to send/recv, messages will be lost

[Child 10360, Chrome_ChildThread] WARNING: pipe error: 109: file z:/build/build/src/ipc/chromium/src/chrome/common/ipc_channel_win.cc, line 346

###!!! [Child][MessageChannel] Error: (msgtype=0x2D00B0,name=PContent::Msg_ScriptError) Channel closing: too late to send/recv, messages will be lost


###!!! [Child][RunMessage] Error: Channel closing: too late to send/recv, messages will be lost


###!!! [Child][MessageChannel] Error: (msgtype=0x2D00B0,name=PContent::Msg_ScriptError) Channel closing: too late to send/recv, messages will be lost


###!!! [Child][RunMessage] Error: Channel closing: too late to send/recv, messages will be lost


###!!! [Child][MessageChannel] Error: (msgtype=0x2D00B0,name=PContent::Msg_ScriptError) Channel closing: too late to send/recv, messages will be lost


###!!! [Child][RunMessage] Error: Channel closing: too late to send/recv, messages will be lost


###!!! [Child][MessageChannel] Error: (msgtype=0x2D00B0,name=PContent::Msg_ScriptError) Channel closing: too late to send/recv, messages will be lost


###!!! [Child][RunMessage] Error: Channel closing: too late to send/recv, messages will be lost


###!!! [Child][RunMessage] Error: Channel closing: too late to send/recv, messages will be lost


###!!! [Child][MessageChannel] Error: (msgtype=0x2D00B0,name=PContent::Msg_ScriptError) Channel closing: too late to send/recv, messages will be lost


###!!! [Child][RunMessage] Error: Channel closing: too late to send/recv, messages will be lost


###!!! [Child][RunMessage] Error: Channel closing: too late to send/recv, messages will be lost


###!!! [Child][RunMessage] Error: Channel closing: too late to send/recv, messages will be lost


###!!! [Child][RunMessage] Error: Channel closing: too late to send/recv, messages will be lost


###!!! [Child][RunMessage] Error: Channel closing: too late to send/recv, messages will be lost

[Parent 11820, Gecko_IOThread] WARNING: pipe error: 109: file z:/build/build/src/ipc/chromium/src/chrome/common/ipc_channel_win.cc, line 346
Unable to read VR Path Registry from C:\Users\UHIPUser\AppData\Local\openvr\openvrpaths.vrpath
[Child 11496, Chrome_ChildThread] WARNING: pipe error: 109: file z:/build/build/src/ipc/chromium/src/chrome/common/ipc_channel_win.cc, line 346
[Child 11496, Chrome_ChildThread] WARNING: pipe error: 109: file z:/build/build/src/ipc/chromium/src/chrome/common/ipc_channel_win.cc, line 346
*** UTM:SVC TimerManager:registerTimer called after profile-before-change notification. Ignoring timer registration for id: telemetry_modules_ping
Unable to read VR Path Registry from C:\Users\UHIPUser\AppData\Local\openvr\openvrpaths.vrpath
[GPU 11536, Chrome_ChildThread] WARNING: pipe error: 109: file z:/build/build/src/ipc/chromium/src/chrome/common/ipc_channel_win.cc, line 346

###!!! [Child][MessageChannel::SendAndWait] Error: Channel error: cannot send/recv

>>>>>>> 9104da8ecb1700498bce2e0eaa3d849629482199
1532382429462	geckodriver	INFO	geckodriver 0.21.0
1532382429475	geckodriver	INFO	Listening on 127.0.0.1:57017
1532382430468	mozrunner::runner	INFO	Running command: "/Applications/Firefox.app/Contents/MacOS/firefox-bin" "-marionette" "-foreground" "-no-remote" "-profile" "/var/folders/d3/tv3z10w545530x8rw61vg6t40000gn/T/rust_mozprofile.gK4qPLTk57df"
2018-07-23 17:47:12.503 plugin-container[23623:1514479] *** CFMessagePort: bootstrap_register(): failed 1100 (0x44c) 'Permission denied', port = 0x853f, name = 'com.apple.tsm.portname'
See /usr/include/servers/bootstrap_defs.h for the error codes.
2018-07-23 17:47:12.946 plugin-container[23624:1514504] *** CFMessagePort: bootstrap_register(): failed 1100 (0x44c) 'Permission denied', port = 0x7547, name = 'com.apple.tsm.portname'
See /usr/include/servers/bootstrap_defs.h for the error codes.
1532382433370	Marionette	INFO	Listening on port 57028
1532382433396	Marionette	WARN	TLS certificate errors will be ignored for this session
2018-07-23 17:47:14.200 plugin-container[23625:1514623] *** CFMessagePort: bootstrap_register(): failed 1100 (0x44c) 'Permission denied', port = 0x8643, name = 'com.apple.tsm.portname'
See /usr/include/servers/bootstrap_defs.h for the error codes.
[Child 23624, Chrome_ChildThread] WARNING: pipe error: Broken pipe: file /builds/worker/workspace/build/src/ipc/chromium/src/chrome/common/ipc_channel_posix.cc, line 709
*** UTM:SVC TimerManager:registerTimer called after profile-before-change notification. Ignoring timer registration for id: telemetry_modules_ping
1532382458867	geckodriver	INFO	geckodriver 0.21.0
1532382458874	geckodriver	INFO	Listening on 127.0.0.1:57140
1532382459882	mozrunner::runner	INFO	Running command: "/Applications/Firefox.app/Contents/MacOS/firefox-bin" "-marionette" "-foreground" "-no-remote" "-profile" "/var/folders/d3/tv3z10w545530x8rw61vg6t40000gn/T/rust_mozprofile.UzgRhjX28ptX"
2018-07-23 17:47:41.854 plugin-container[23672:1515344] *** CFMessagePort: bootstrap_register(): failed 1100 (0x44c) 'Permission denied', port = 0x7f3f, name = 'com.apple.tsm.portname'
See /usr/include/servers/bootstrap_defs.h for the error codes.
2018-07-23 17:47:42.050 plugin-container[23673:1515369] *** CFMessagePort: bootstrap_register(): failed 1100 (0x44c) 'Permission denied', port = 0x7803, name = 'com.apple.tsm.portname'
See /usr/include/servers/bootstrap_defs.h for the error codes.
1532382462411	Marionette	INFO	Listening on port 57151
1532382462484	Marionette	WARN	TLS certificate errors will be ignored for this session
2018-07-23 17:47:43.271 plugin-container[23674:1515489] *** CFMessagePort: bootstrap_register(): failed 1100 (0x44c) 'Permission denied', port = 0x7207, name = 'com.apple.tsm.portname'
See /usr/include/servers/bootstrap_defs.h for the error codes.
[Child 23673, Chrome_ChildThread] WARNING: pipe error: Broken pipe: file /builds/worker/workspace/build/src/ipc/chromium/src/chrome/common/ipc_channel_posix.cc, line 709
*** UTM:SVC TimerManager:registerTimer called after profile-before-change notification. Ignoring timer registration for id: telemetry_modules_ping
1532383101561	geckodriver	INFO	geckodriver 0.21.0
1532383101573	geckodriver	INFO	Listening on 127.0.0.1:57782
1532383102583	mozrunner::runner	INFO	Running command: "/Applications/Firefox.app/Contents/MacOS/firefox-bin" "-marionette" "-foreground" "-no-remote" "-profile" "/var/folders/d3/tv3z10w545530x8rw61vg6t40000gn/T/rust_mozprofile.grR2NCd5MRBU"
2018-07-23 17:58:24.475 plugin-container[24281:1533167] *** CFMessagePort: bootstrap_register(): failed 1100 (0x44c) 'Permission denied', port = 0x7743, name = 'com.apple.tsm.portname'
See /usr/include/servers/bootstrap_defs.h for the error codes.
2018-07-23 17:58:24.852 plugin-container[24282:1533192] *** CFMessagePort: bootstrap_register(): failed 1100 (0x44c) 'Permission denied', port = 0x7607, name = 'com.apple.tsm.portname'
See /usr/include/servers/bootstrap_defs.h for the error codes.
1532383105251	Marionette	INFO	Listening on port 57793
1532383105267	Marionette	WARN	TLS certificate errors will be ignored for this session
2018-07-23 17:58:26.528 plugin-container[24283:1533408] *** CFMessagePort: bootstrap_register(): failed 1100 (0x44c) 'Permission denied', port = 0x7503, name = 'com.apple.tsm.portname'
See /usr/include/servers/bootstrap_defs.h for the error codes.
JavaScript error: jar:file:///Applications/Firefox.app/Contents/Resources/browser/omni.ja!/components/nsBrowserGlue.js, line 1033: NS_ERROR_FAILURE: Component returned failure code: 0x80004005 (NS_ERROR_FAILURE) [nsIAppShellService.hiddenDOMWindow]
1532383125029	addons.productaddons	WARN	Failed downloading XML, status: 0, reason: error
1532383125032	addons.productaddons	WARN	Failed downloading via XHR, status: 0, reason: error
1532383125032	addons.productaddons	WARN	Failed downloading via XHR, status: 0, reason: error
*** UTM:SVC TimerManager:registerTimer called after profile-before-change notification. Ignoring timer registration for id: telemetry_modules_ping
1532383266061	geckodriver	INFO	geckodriver 0.21.0
1532383266068	geckodriver	INFO	Listening on 127.0.0.1:57901
1532383267081	mozrunner::runner	INFO	Running command: "/Applications/Firefox.app/Contents/MacOS/firefox-bin" "-marionette" "-foreground" "-no-remote" "-profile" "/var/folders/d3/tv3z10w545530x8rw61vg6t40000gn/T/rust_mozprofile.J9nJie87e5QR"
2018-07-23 18:01:08.873 plugin-container[24440:1536503] *** CFMessagePort: bootstrap_register(): failed 1100 (0x44c) 'Permission denied', port = 0x7847, name = 'com.apple.tsm.portname'
See /usr/include/servers/bootstrap_defs.h for the error codes.
2018-07-23 18:01:09.139 plugin-container[24446:1536537] *** CFMessagePort: bootstrap_register(): failed 1100 (0x44c) 'Permission denied', port = 0x7c3f, name = 'com.apple.tsm.portname'
See /usr/include/servers/bootstrap_defs.h for the error codes.
1532383269535	Marionette	INFO	Listening on port 57912
1532383269585	Marionette	WARN	TLS certificate errors will be ignored for this session
2018-07-23 18:01:10.325 plugin-container[24453:1536666] *** CFMessagePort: bootstrap_register(): failed 1100 (0x44c) 'Permission denied', port = 0x7403, name = 'com.apple.tsm.portname'
See /usr/include/servers/bootstrap_defs.h for the error codes.
*** UTM:SVC TimerManager:registerTimer called after profile-before-change notification. Ignoring timer registration for id: telemetry_modules_ping
